INFO:root:SwadianKnight may be griefing, ignore
INFO:root:Mr_Crusher may be griefing, ignore
INFO:root:kira_my may be griefing, ignore
INFO:root:Eleganty may be griefing, ignore
INFO:root:LiaoJingyi may be griefing, ignore
INFO:root:I_HATE_GEOMETRY may be griefing, ignore
INFO:root:perec1970 may be griefing, ignore
INFO:root:3nb may be griefing, ignore
INFO:root:DestroyLonely may be griefing, ignore
INFO:root:p_321052 may be griefing, ignore
INFO:root:magga may be griefing, ignore
INFO:root:shyyhsQwQ may be griefing, ignore
INFO:root:dreamoon_love_AA may be griefing, ignore
INFO:root:bhratm868 may be griefing, ignore
INFO:root:BlueHanHan may be griefing, ignore
INFO:root:_ifahim1000_ may be griefing, ignore
INFO:root:Roc8tezz may be griefing, ignore
INFO:root:shang_tsung may be griefing, ignore
INFO:root:Temirulan may be griefing, ignore
INFO:root:PAG may be griefing, ignore
INFO:root:uchiha_madaraa may be griefing, ignore
INFO:root:Dongdz1z may be griefing, ignore
INFO:root:tongwentao may be griefing, ignore
INFO:root:rainboy may be griefing, ignore
INFO:root:okuzn may be griefing, ignore
INFO:root:Anonymous_420 may be griefing, ignore
INFO:root:zufius may be griefing, ignore
INFO:root:20Ti_ntson may be griefing, ignore
INFO:root:I_love_GSNQK may be griefing, ignore
INFO:root:DeMen100ns may be griefing, ignore
INFO:root:vintage_Vlad_Makeev may be griefing, ignore
INFO:root:Dukkha may be griefing, ignore
INFO:root:mkagenius may be griefing, ignore
INFO:root:vish_HItesh01 may be griefing, ignore
INFO:root:coderbd may be griefing, ignore
INFO:root:Second_Kira may be griefing, ignore
INFO:root:Extreme1123 may be griefing, ignore
INFO:root:.o. may be griefing, ignore
INFO:root:nethish may be griefing, ignore
INFO:root:Zero_to_Zero may be griefing, ignore
INFO:root:AHMADUL may be griefing, ignore
INFO:root:ItsLastDay may be griefing, ignore
INFO:root:seneca may be griefing, ignore
INFO:root:ujjwalranjan may be griefing, ignore
INFO:root:detached may be griefing, ignore
INFO:root:IHaveInt may be griefing, ignore
INFO:root:tibinyte may be griefing, ignore
INFO:root:pms_venkatesh_saki_147 may be griefing, ignore
INFO:root:PERFECTOO may be griefing, ignore
INFO:root:ashiq__ may be griefing, ignore
INFO:root:mfins may be griefing, ignore
INFO:root:AngryLeaf may be griefing, ignore
INFO:root:vangtrangtan may be griefing, ignore
INFO:root:Deb_Neek may be griefing, ignore
INFO:root:sifrit98 may be griefing, ignore
INFO:root:erkam may be griefing, ignore
INFO:root:quchenghao may be griefing, ignore
INFO:root:lbm364dl may be griefing, ignore
INFO:root:ace-in-the-hole may be griefing, ignore
INFO:root:Chingum may be griefing, ignore
INFO:root:samiul_CSE19 may be griefing, ignore
INFO:root:kawsar_hossain may be griefing, ignore
INFO:root:__Joker may be griefing, ignore
INFO:root:1101_ may be griefing, ignore
INFO:root:Rely_on_Allah may be griefing, ignore
INFO:root:Punter may be griefing, ignore
INFO:root:ushmita may be griefing, ignore
INFO:root:i_love_rao_khushboo may be griefing, ignore
INFO:root:Darshan_Bhangale may be griefing, ignore
INFO:root:the_hyp0cr1t3 may be griefing, ignore
INFO:root:yituodabian may be griefing, ignore
INFO:root:kaiboy may be griefing, ignore
INFO:root:stefanbalaz2 may be griefing, ignore
INFO:root:drifter_kabir may be griefing, ignore
INFO:root:BlackSwan may be griefing, ignore
INFO:root:vaibhavsetiya may be griefing, ignore
INFO:root:csyakuoi may be griefing, ignore
INFO:root:newbie-_-habib may be griefing, ignore
INFO:root:abcd_1 may be griefing, ignore
INFO:root:binary1213 may be griefing, ignore
INFO:root:tallbee23 may be griefing, ignore
INFO:root:Heterochromia may be griefing, ignore
INFO:root:_P_S_ may be griefing, ignore
INFO:root:chain_coder may be griefing, ignore
INFO:root:TryAgainInfinety may be griefing, ignore
INFO:root:_Dragon_ may be griefing, ignore
INFO:root:lfarrives may be griefing, ignore
INFO:root:300_are_queue may be griefing, ignore
INFO:root:Block_Cipher may be griefing, ignore
INFO:root:Itsmdshahin may be griefing, ignore
